[    5409ms] [ERROR] Access to fetch at 'https://marketplacestats.service.spaceship.com/api/v1/marketplacestats/collector/collect' from origin 'http://hexa.ai' has been blocked by CORS policy: Response to preflight request doesn't pass access control check: No 'Access-Control-Allow-Origin' header is present on the requested resource. @ http://hexa.ai/:0
[    5409ms] [ERROR] Failed to load resource: net::ERR_FAILED @ https://marketplacestats.service.spaceship.com/api/v1/marketplacestats/collector/collect:0
[    5409ms] [ERROR] MarketplaceStatisticsService. Failed to send page view TypeError: Failed to fetch
    at et.i (https://forsale.spaceship-cdn.com/static/latest/3.latest/main.js:2:57956)
    at i.next (<anonymous>)
    at https://forsale.spaceship-cdn.com/static/latest/3.latest/main.js:2:58483
    at new Promise (<anonymous>)
    at et.sendPageView (https://forsale.spaceship-cdn.com/static/latest/3.latest/main.js:2:58222)
    at xt (https://forsale.spaceship-cdn.com/static/latest/3.latest/main.js:2:93844)
    at https://forsale.spaceship-cdn.com/static/latest/3.latest/main.js:2:93942
    at https://forsale.spaceship-cdn.com/static/latest/3.latest/main.js:2:93948 @ https://forsale.spaceship-cdn.com/static/latest/3.latest/main.js:1
[   14887ms] [LOG] Beacon tracking timeout set for 319 seconds @ https://www.atom.com/name/Hexa.io:6
[   15022ms] [ERROR] Access to fetch at 'https://analytics.atom.com/e' from origin 'https://www.atom.com' has been blocked by CORS policy: Response to preflight request doesn't pass access control check: No 'Access-Control-Allow-Origin' header is present on the requested resource. @ https://www.atom.com/name/Hexa.io:0
[   15022ms] [ERROR] Failed to load resource: net::ERR_FAILED @ https://analytics.atom.com/e:0
[   15037ms] [LOG] Created new atom_visitor: moq91iyk5h @ https://www.atom.com/name/Hexa.io:6
[   15038ms] [LOG] utm params null @ https://www.atom.com/name/Hexa.io:6
[   15653ms] [LOG] The current device is not mobile or tab @ https://www.atom.com/name/Hexa.io:6
[   15655ms] [WARNING] [GSI_LOGGER]: Your client application uses one of the Google One Tap prompt UI status methods that may stop functioning when FedCM becomes mandatory. Refer to the migration guide to update your code accordingly and opt-in to FedCM to test your changes. Learn more: https://developers.google.com/identity/gsi/web/guides/fedcm-migration?s=dc#display_moment and https://developers.google.com/identity/gsi/web/guides/fedcm-migration?s=dc#skipped_moment @ https://www.atom.com/name/Hexa.io:6
[   15688ms] [ERROR] Not signed in with the identity provider. @ https://www.atom.com/name/Hexa.io:0
[   17014ms] [ERROR] [GSI_LOGGER]: FedCM get() rejects with NetworkError: Error retrieving a token. @ https://www.atom.com/name/Hexa.io:6
[   17015ms] [LOG] Not Displayed @ https://www.atom.com/name/Hexa.io:6
[   25747ms] [LOG] Time spent (10s) below minimum threshold (20s), not sending beacon @ https://www.atom.com/name/Hexa.io:6
[   26935ms] [WARNING] No active bullet found for progress animation @ https://www.hexa.com/:1082
[   27479ms] [LOG] Slater loaded Hexa.js: https://slater.app/17690.js 🤙 @ https://www.hexa.com/:950
[   27630ms] [WARNING] GSAP target .home-hero_img-wrap-anim not found. https://greensock.com @ https://cdnjs.cloudflare.com/ajax/libs/gsap/3.12.2/gsap.min.js:9
[   27630ms] [WARNING] GSAP target .home-hero_img-wrap-anim.is-3 not found. https://greensock.com @ https://cdnjs.cloudflare.com/ajax/libs/gsap/3.12.2/gsap.min.js:9
[   27630ms] [WARNING] GSAP target .build-alone_tag-item-contain not found. https://greensock.com @ https://cdnjs.cloudflare.com/ajax/libs/gsap/3.12.2/gsap.min.js:9
[   27632ms] TypeError: Cannot read properties of null (reading 'querySelectorAll')
    at https://assets.slater.app/slater/17690/49873.js?v=888239:1:2688
[   44454ms] [ERROR] X-Frame-Options may only be set via an HTTP header sent along with a document. It may not be set inside <meta>. @ https://www.hexa.org/:0
[   44454ms] [ERROR] The Content Security Policy directive 'frame-ancestors' is ignored when delivered via a <meta> element. @ https://www.hexa.org/:9
