[    8085ms] [ERROR] Failed to load resource: the server responded with a status of 404 () @ https://www.godaddy.com/en-ca/favicon.ico:0
[   12448ms] Error: Minified React error #418; visit https://reactjs.org/docs/error-decoder.html?invariant=418 for the full message or use the non-minified dev environment for full errors and additional helpful warnings.
    at oa (https://img6.wsimg.com/ux-assets/react/18/react-dom.umd.js:10:48168)
    at Oo (https://img6.wsimg.com/ux-assets/react/18/react-dom.umd.js:10:78126)
    at Si (https://img6.wsimg.com/ux-assets/react/18/react-dom.umd.js:10:121135)
    at ys (https://img6.wsimg.com/ux-assets/react/18/react-dom.umd.js:10:108510)
    at gs (https://img6.wsimg.com/ux-assets/react/18/react-dom.umd.js:10:108438)
    at hs (https://img6.wsimg.com/ux-assets/react/18/react-dom.umd.js:10:108301)
    at rs (https://img6.wsimg.com/ux-assets/react/18/react-dom.umd.js:10:103466)
    at w (https://img6.wsimg.com/ux-assets/react/18/react-dom.umd.js:1:1856)
    at MessagePort.P (https://img6.wsimg.com/ux-assets/react/18/react-dom.umd.js:1:2388)
[   12449ms] Error: Minified React error #423; visit https://reactjs.org/docs/error-decoder.html?invariant=423 for the full message or use the non-minified dev environment for full errors and additional helpful warnings.
    at Si (https://img6.wsimg.com/ux-assets/react/18/react-dom.umd.js:10:120618)
    at ys (https://img6.wsimg.com/ux-assets/react/18/react-dom.umd.js:10:108510)
    at gs (https://img6.wsimg.com/ux-assets/react/18/react-dom.umd.js:10:108438)
    at hs (https://img6.wsimg.com/ux-assets/react/18/react-dom.umd.js:10:108301)
    at ls (https://img6.wsimg.com/ux-assets/react/18/react-dom.umd.js:10:105136)
    at rs (https://img6.wsimg.com/ux-assets/react/18/react-dom.umd.js:10:103692)
    at w (https://img6.wsimg.com/ux-assets/react/18/react-dom.umd.js:1:1856)
    at MessagePort.P (https://img6.wsimg.com/ux-assets/react/18/react-dom.umd.js:1:2388)
[   12672ms] [ERROR] Error resolving from component map (LocalizedUrl) @ https://www.godaddy.com/storefront-assets/9847/_next/static/chunks/pages/_app-c50949885cff234d.js:0
[   12672ms] [ERROR] Error resolving from component map (BynderInlineVideos) @ https://www.godaddy.com/storefront-assets/9847/_next/static/chunks/pages/_app-c50949885cff234d.js:0
[   12691ms] [ERROR] Error resolving from component map (LocalizedUrl) @ https://www.godaddy.com/storefront-assets/9847/_next/static/chunks/pages/_app-c50949885cff234d.js:0
[   12691ms] [ERROR] Error resolving from component map (BynderInlineVideos) @ https://www.godaddy.com/storefront-assets/9847/_next/static/chunks/pages/_app-c50949885cff234d.js:0
[   12749ms] Error: Minified React error #418; visit https://reactjs.org/docs/error-decoder.html?invariant=418 for the full message or use the non-minified dev environment for full errors and additional helpful warnings.
    at oa (https://img6.wsimg.com/ux-assets/react/18/react-dom.umd.js:10:48288)
    at Si (https://img6.wsimg.com/ux-assets/react/18/react-dom.umd.js:10:120932)
    at ys (https://img6.wsimg.com/ux-assets/react/18/react-dom.umd.js:10:108510)
    at gs (https://img6.wsimg.com/ux-assets/react/18/react-dom.umd.js:10:108438)
    at hs (https://img6.wsimg.com/ux-assets/react/18/react-dom.umd.js:10:108301)
    at rs (https://img6.wsimg.com/ux-assets/react/18/react-dom.umd.js:10:103466)
    at w (https://img6.wsimg.com/ux-assets/react/18/react-dom.umd.js:1:1856)
    at MessagePort.P (https://img6.wsimg.com/ux-assets/react/18/react-dom.umd.js:1:2388)
[   12749ms] Error: Minified React error #418; visit https://reactjs.org/docs/error-decoder.html?invariant=418 for the full message or use the non-minified dev environment for full errors and additional helpful warnings.
    at sa (https://img6.wsimg.com/ux-assets/react/18/react-dom.umd.js:10:48628)
    at $o (https://img6.wsimg.com/ux-assets/react/18/react-dom.umd.js:10:83995)
    at bs (https://img6.wsimg.com/ux-assets/react/18/react-dom.umd.js:10:108831)
    at ys (https://img6.wsimg.com/ux-assets/react/18/react-dom.umd.js:10:108571)
    at gs (https://img6.wsimg.com/ux-assets/react/18/react-dom.umd.js:10:108438)
    at hs (https://img6.wsimg.com/ux-assets/react/18/react-dom.umd.js:10:108301)
    at rs (https://img6.wsimg.com/ux-assets/react/18/react-dom.umd.js:10:103466)
    at w (https://img6.wsimg.com/ux-assets/react/18/react-dom.umd.js:1:1856)
    at MessagePort.P (https://img6.wsimg.com/ux-assets/react/18/react-dom.umd.js:1:2388)
[   12749ms] Error: Minified React error #418; visit https://reactjs.org/docs/error-decoder.html?invariant=418 for the full message or use the non-minified dev environment for full errors and additional helpful warnings.
    at oa (https://img6.wsimg.com/ux-assets/react/18/react-dom.umd.js:10:48168)
    at Si (https://img6.wsimg.com/ux-assets/react/18/react-dom.umd.js:10:120932)
    at ys (https://img6.wsimg.com/ux-assets/react/18/react-dom.umd.js:10:108510)
    at gs (https://img6.wsimg.com/ux-assets/react/18/react-dom.umd.js:10:108438)
    at hs (https://img6.wsimg.com/ux-assets/react/18/react-dom.umd.js:10:108301)
    at rs (https://img6.wsimg.com/ux-assets/react/18/react-dom.umd.js:10:103466)
    at w (https://img6.wsimg.com/ux-assets/react/18/react-dom.umd.js:1:1856)
    at MessagePort.P (https://img6.wsimg.com/ux-assets/react/18/react-dom.umd.js:1:2388)
[   12749ms] Error: Minified React error #418; visit https://reactjs.org/docs/error-decoder.html?invariant=418 for the full message or use the non-minified dev environment for full errors and additional helpful warnings.
    at oa (https://img6.wsimg.com/ux-assets/react/18/react-dom.umd.js:10:48168)
    at Si (https://img6.wsimg.com/ux-assets/react/18/react-dom.umd.js:10:120932)
    at ys (https://img6.wsimg.com/ux-assets/react/18/react-dom.umd.js:10:108510)
    at gs (https://img6.wsimg.com/ux-assets/react/18/react-dom.umd.js:10:108438)
    at hs (https://img6.wsimg.com/ux-assets/react/18/react-dom.umd.js:10:108301)
    at rs (https://img6.wsimg.com/ux-assets/react/18/react-dom.umd.js:10:103466)
    at w (https://img6.wsimg.com/ux-assets/react/18/react-dom.umd.js:1:1856)
    at MessagePort.P (https://img6.wsimg.com/ux-assets/react/18/react-dom.umd.js:1:2388)
[   12749ms] Error: Minified React error #418; visit https://reactjs.org/docs/error-decoder.html?invariant=418 for the full message or use the non-minified dev environment for full errors and additional helpful warnings.
    at oa (https://img6.wsimg.com/ux-assets/react/18/react-dom.umd.js:10:48168)
    at Si (https://img6.wsimg.com/ux-assets/react/18/react-dom.umd.js:10:120932)
    at ys (https://img6.wsimg.com/ux-assets/react/18/react-dom.umd.js:10:108510)
    at gs (https://img6.wsimg.com/ux-assets/react/18/react-dom.umd.js:10:108438)
    at hs (https://img6.wsimg.com/ux-assets/react/18/react-dom.umd.js:10:108301)
    at rs (https://img6.wsimg.com/ux-assets/react/18/react-dom.umd.js:10:103466)
    at w (https://img6.wsimg.com/ux-assets/react/18/react-dom.umd.js:1:1856)
    at MessagePort.P (https://img6.wsimg.com/ux-assets/react/18/react-dom.umd.js:1:2388)
[   12749ms] Error: Minified React error #418; visit https://reactjs.org/docs/error-decoder.html?invariant=418 for the full message or use the non-minified dev environment for full errors and additional helpful warnings.
    at oa (https://img6.wsimg.com/ux-assets/react/18/react-dom.umd.js:10:48168)
    at Si (https://img6.wsimg.com/ux-assets/react/18/react-dom.umd.js:10:120932)
    at ys (https://img6.wsimg.com/ux-assets/react/18/react-dom.umd.js:10:108510)
    at gs (https://img6.wsimg.com/ux-assets/react/18/react-dom.umd.js:10:108438)
    at hs (https://img6.wsimg.com/ux-assets/react/18/react-dom.umd.js:10:108301)
    at rs (https://img6.wsimg.com/ux-assets/react/18/react-dom.umd.js:10:103466)
    at w (https://img6.wsimg.com/ux-assets/react/18/react-dom.umd.js:1:1856)
    at MessagePort.P (https://img6.wsimg.com/ux-assets/react/18/react-dom.umd.js:1:2388)
[   12750ms] Error: Minified React error #418; visit https://reactjs.org/docs/error-decoder.html?invariant=418 for the full message or use the non-minified dev environment for full errors and additional helpful warnings.
    at oa (https://img6.wsimg.com/ux-assets/react/18/react-dom.umd.js:10:48168)
    at Si (https://img6.wsimg.com/ux-assets/react/18/react-dom.umd.js:10:120932)
    at ys (https://img6.wsimg.com/ux-assets/react/18/react-dom.umd.js:10:108510)
    at gs (https://img6.wsimg.com/ux-assets/react/18/react-dom.umd.js:10:108438)
    at hs (https://img6.wsimg.com/ux-assets/react/18/react-dom.umd.js:10:108301)
    at rs (https://img6.wsimg.com/ux-assets/react/18/react-dom.umd.js:10:103466)
    at w (https://img6.wsimg.com/ux-assets/react/18/react-dom.umd.js:1:1856)
    at MessagePort.P (https://img6.wsimg.com/ux-assets/react/18/react-dom.umd.js:1:2388)
[   12750ms] Error: Minified React error #418; visit https://reactjs.org/docs/error-decoder.html?invariant=418 for the full message or use the non-minified dev environment for full errors and additional helpful warnings.
    at oa (https://img6.wsimg.com/ux-assets/react/18/react-dom.umd.js:10:48168)
    at Si (https://img6.wsimg.com/ux-assets/react/18/react-dom.umd.js:10:120932)
    at ys (https://img6.wsimg.com/ux-assets/react/18/react-dom.umd.js:10:108510)
    at gs (https://img6.wsimg.com/ux-assets/react/18/react-dom.umd.js:10:108438)
    at hs (https://img6.wsimg.com/ux-assets/react/18/react-dom.umd.js:10:108301)
    at rs (https://img6.wsimg.com/ux-assets/react/18/react-dom.umd.js:10:103466)
    at w (https://img6.wsimg.com/ux-assets/react/18/react-dom.umd.js:1:1856)
    at MessagePort.P (https://img6.wsimg.com/ux-assets/react/18/react-dom.umd.js:1:2388)
[   12750ms] Error: Minified React error #418; visit https://reactjs.org/docs/error-decoder.html?invariant=418 for the full message or use the non-minified dev environment for full errors and additional helpful warnings.
    at oa (https://img6.wsimg.com/ux-assets/react/18/react-dom.umd.js:10:48168)
    at Si (https://img6.wsimg.com/ux-assets/react/18/react-dom.umd.js:10:120932)
    at ys (https://img6.wsimg.com/ux-assets/react/18/react-dom.umd.js:10:108510)
    at gs (https://img6.wsimg.com/ux-assets/react/18/react-dom.umd.js:10:108438)
    at hs (https://img6.wsimg.com/ux-assets/react/18/react-dom.umd.js:10:108301)
    at rs (https://img6.wsimg.com/ux-assets/react/18/react-dom.umd.js:10:103466)
    at w (https://img6.wsimg.com/ux-assets/react/18/react-dom.umd.js:1:1856)
    at MessagePort.P (https://img6.wsimg.com/ux-assets/react/18/react-dom.umd.js:1:2388)
[   12750ms] Error: Minified React error #418; visit https://reactjs.org/docs/error-decoder.html?invariant=418 for the full message or use the non-minified dev environment for full errors and additional helpful warnings.
    at oa (https://img6.wsimg.com/ux-assets/react/18/react-dom.umd.js:10:48168)
    at Si (https://img6.wsimg.com/ux-assets/react/18/react-dom.umd.js:10:120932)
    at ys (https://img6.wsimg.com/ux-assets/react/18/react-dom.umd.js:10:108510)
    at gs (https://img6.wsimg.com/ux-assets/react/18/react-dom.umd.js:10:108438)
    at hs (https://img6.wsimg.com/ux-assets/react/18/react-dom.umd.js:10:108301)
    at rs (https://img6.wsimg.com/ux-assets/react/18/react-dom.umd.js:10:103466)
    at w (https://img6.wsimg.com/ux-assets/react/18/react-dom.umd.js:1:1856)
    at MessagePort.P (https://img6.wsimg.com/ux-assets/react/18/react-dom.umd.js:1:2388)
[   12750ms] Error: Minified React error #418; visit https://reactjs.org/docs/error-decoder.html?invariant=418 for the full message or use the non-minified dev environment for full errors and additional helpful warnings.
    at oa (https://img6.wsimg.com/ux-assets/react/18/react-dom.umd.js:10:48168)
    at Si (https://img6.wsimg.com/ux-assets/react/18/react-dom.umd.js:10:120932)
    at ys (https://img6.wsimg.com/ux-assets/react/18/react-dom.umd.js:10:108510)
    at gs (https://img6.wsimg.com/ux-assets/react/18/react-dom.umd.js:10:108438)
    at hs (https://img6.wsimg.com/ux-assets/react/18/react-dom.umd.js:10:108301)
    at rs (https://img6.wsimg.com/ux-assets/react/18/react-dom.umd.js:10:103466)
    at w (https://img6.wsimg.com/ux-assets/react/18/react-dom.umd.js:1:1856)
    at MessagePort.P (https://img6.wsimg.com/ux-assets/react/18/react-dom.umd.js:1:2388)
[   12750ms] Error: Minified React error #418; visit https://reactjs.org/docs/error-decoder.html?invariant=418 for the full message or use the non-minified dev environment for full errors and additional helpful warnings.
    at oa (https://img6.wsimg.com/ux-assets/react/18/react-dom.umd.js:10:48168)
    at Si (https://img6.wsimg.com/ux-assets/react/18/react-dom.umd.js:10:120932)
    at ys (https://img6.wsimg.com/ux-assets/react/18/react-dom.umd.js:10:108510)
    at gs (https://img6.wsimg.com/ux-assets/react/18/react-dom.umd.js:10:108438)
    at hs (https://img6.wsimg.com/ux-assets/react/18/react-dom.umd.js:10:108301)
    at rs (https://img6.wsimg.com/ux-assets/react/18/react-dom.umd.js:10:103466)
    at w (https://img6.wsimg.com/ux-assets/react/18/react-dom.umd.js:1:1856)
    at MessagePort.P (https://img6.wsimg.com/ux-assets/react/18/react-dom.umd.js:1:2388)
[   12750ms] Error: Minified React error #418; visit https://reactjs.org/docs/error-decoder.html?invariant=418 for the full message or use the non-minified dev environment for full errors and additional helpful warnings.
    at oa (https://img6.wsimg.com/ux-assets/react/18/react-dom.umd.js:10:48168)
    at Si (https://img6.wsimg.com/ux-assets/react/18/react-dom.umd.js:10:120932)
    at ys (https://img6.wsimg.com/ux-assets/react/18/react-dom.umd.js:10:108510)
    at gs (https://img6.wsimg.com/ux-assets/react/18/react-dom.umd.js:10:108438)
    at hs (https://img6.wsimg.com/ux-assets/react/18/react-dom.umd.js:10:108301)
    at rs (https://img6.wsimg.com/ux-assets/react/18/react-dom.umd.js:10:103466)
    at w (https://img6.wsimg.com/ux-assets/react/18/react-dom.umd.js:1:1856)
    at MessagePort.P (https://img6.wsimg.com/ux-assets/react/18/react-dom.umd.js:1:2388)
[   12750ms] Error: Minified React error #418; visit https://reactjs.org/docs/error-decoder.html?invariant=418 for the full message or use the non-minified dev environment for full errors and additional helpful warnings.
    at oa (https://img6.wsimg.com/ux-assets/react/18/react-dom.umd.js:10:48168)
    at Si (https://img6.wsimg.com/ux-assets/react/18/react-dom.umd.js:10:120932)
    at ys (https://img6.wsimg.com/ux-assets/react/18/react-dom.umd.js:10:108510)
    at gs (https://img6.wsimg.com/ux-assets/react/18/react-dom.umd.js:10:108438)
    at hs (https://img6.wsimg.com/ux-assets/react/18/react-dom.umd.js:10:108301)
    at rs (https://img6.wsimg.com/ux-assets/react/18/react-dom.umd.js:10:103466)
    at w (https://img6.wsimg.com/ux-assets/react/18/react-dom.umd.js:1:1856)
    at MessagePort.P (https://img6.wsimg.com/ux-assets/react/18/react-dom.umd.js:1:2388)
[   12750ms] Error: Minified React error #418; visit https://reactjs.org/docs/error-decoder.html?invariant=418 for the full message or use the non-minified dev environment for full errors and additional helpful warnings.
    at oa (https://img6.wsimg.com/ux-assets/react/18/react-dom.umd.js:10:48168)
    at Si (https://img6.wsimg.com/ux-assets/react/18/react-dom.umd.js:10:120932)
    at ys (https://img6.wsimg.com/ux-assets/react/18/react-dom.umd.js:10:108510)
    at gs (https://img6.wsimg.com/ux-assets/react/18/react-dom.umd.js:10:108438)
    at hs (https://img6.wsimg.com/ux-assets/react/18/react-dom.umd.js:10:108301)
    at rs (https://img6.wsimg.com/ux-assets/react/18/react-dom.umd.js:10:103466)
    at w (https://img6.wsimg.com/ux-assets/react/18/react-dom.umd.js:1:1856)
    at MessagePort.P (https://img6.wsimg.com/ux-assets/react/18/react-dom.umd.js:1:2388)
[   12750ms] Error: Minified React error #423; visit https://reactjs.org/docs/error-decoder.html?invariant=423 for the full message or use the non-minified dev environment for full errors and additional helpful warnings.
    at Si (https://img6.wsimg.com/ux-assets/react/18/react-dom.umd.js:10:120618)
    at ys (https://img6.wsimg.com/ux-assets/react/18/react-dom.umd.js:10:108510)
    at gs (https://img6.wsimg.com/ux-assets/react/18/react-dom.umd.js:10:108438)
    at hs (https://img6.wsimg.com/ux-assets/react/18/react-dom.umd.js:10:108301)
    at ls (https://img6.wsimg.com/ux-assets/react/18/react-dom.umd.js:10:105136)
    at rs (https://img6.wsimg.com/ux-assets/react/18/react-dom.umd.js:10:103692)
    at w (https://img6.wsimg.com/ux-assets/react/18/react-dom.umd.js:1:1856)
    at MessagePort.P (https://img6.wsimg.com/ux-assets/react/18/react-dom.umd.js:1:2388)
[   14119ms] [LOG] data = {standardEventName: PageView, tagIds: Array(5), eventName: standard, advancedMatching: false, includeTcf: false} @ https://edge.fullstory.com/s/fs.js:3
[   14316ms] [ERROR] Failed to load resource: net::ERR_NAME_NOT_RESOLVED @ https://cdn.krxd.net/controltag/ux5ppk2du.js:0
[   15206ms] [ERROR] Attestation check for Attribution Reporting on https://www.facebook.com failed. @ https://www.godaddy.com/en-ca:0
[   21217ms] [WARNING] A preload for 'https://img6.wsimg.com/wrhs-next/ba11cfafe5db2a68440d65749cb963c1/storefront-header.js' is found, but is not used because the request credentials mode does not match. Consider taking a look at crossorigin attribute. @ https://www.godaddy.com/en-ca/domainsearch/find?domainToCheck=hexa:0
[   21635ms] [WARNING] WebSocket connection to 'wss://entourage.prod.aws.godaddy.com/domain-complete/ws' failed: WebSocket is closed before the connection is established. @ https://img6.wsimg.com/serp-assets/static/serp-assets/0f1930a/client-search-page.min.js:0
[   22679ms] [ERROR] Access to fetch at 'https://notifications-api.godaddy.com/v1/assets/px-assets-notifications?domainToCheck=hexa' from origin 'https://www.godaddy.com' has been blocked by CORS policy: No 'Access-Control-Allow-Origin' header is present on the requested resource. @ https://www.godaddy.com/en-ca/domainsearch/find?domainToCheck=hexa:0
[   22679ms] [ERROR] Failed to load resource: net::ERR_FAILED @ https://notifications-api.godaddy.com/v1/assets/px-assets-notifications?domainToCheck=hexa:0
[   22814ms] [ERROR] Invalid key/value pair found in Traffic's custom properties (tData). Objects, arrays, and functions are not supported.

Key: 'downlinkMax' Value: 'null' Type: 'object'. @ https://img6.wsimg.com/wrhs-next/fa3b9210e5d0edeeb29f1484e8d5abf4/scc-gd-c1.min.js:0
[   22814ms] [ERROR] Invalid key/value pair found in Traffic's custom properties (tData). Objects, arrays, and functions are not supported.

Key: 'type' Value: 'null' Type: 'object'. @ https://img6.wsimg.com/wrhs-next/fa3b9210e5d0edeeb29f1484e8d5abf4/scc-gd-c1.min.js:0
[   22814ms] [ERROR] Invalid key/value pair found in Traffic's custom properties (tData). Objects, arrays, and functions are not supported.

Key: 'tmskey' Value: 'null' Type: 'object'. @ https://img6.wsimg.com/wrhs-next/fa3b9210e5d0edeeb29f1484e8d5abf4/scc-gd-c1.min.js:0
[   22814ms] [ERROR] Invalid key/value pair found in Traffic's custom properties (tData). Objects, arrays, and functions are not supported.

Key: 'key' Value: 'null' Type: 'object'. @ https://img6.wsimg.com/wrhs-next/fa3b9210e5d0edeeb29f1484e8d5abf4/scc-gd-c1.min.js:0
[   22814ms] [ERROR] Invalid key/value pair found in Traffic's custom properties (tData). Objects, arrays, and functions are not supported.

Key: 'utm_medium' Value: 'null' Type: 'object'. @ https://img6.wsimg.com/wrhs-next/fa3b9210e5d0edeeb29f1484e8d5abf4/scc-gd-c1.min.js:0
[   22921ms] [LOG] data = {standardEventName: PageView, tagIds: Array(5), eventName: standard, advancedMatching: false, includeTcf: false} @ https://img1.wsimg.com/tagging/js/g.js?p=GTM-5WB8X7D&l=_wGtmDataLayer:980
[   24084ms] [ERROR] Attestation check for Attribution Reporting on https://www.facebook.com failed. @ https://www.godaddy.com/en-ca/domainsearch/find?domainToCheck=hexa:0
[   25817ms] [WARNING] The resource https://img6.wsimg.com/wrhs-next/ba11cfafe5db2a68440d65749cb963c1/storefront-header.js was preloaded using link preload but not used within a few seconds from the window's load event. Please make sure it has an appropriate `as` value and it is preloaded intentionally. @ https://www.godaddy.com/en-ca/domainsearch/find?domainToCheck=hexa:0
[   25817ms] [WARNING] The resource https://img6.wsimg.com/serpimg/img/solutionsimg/serp_animation_loader.gif was preloaded using link preload but not used within a few seconds from the window's load event. Please make sure it has an appropriate `as` value and it is preloaded intentionally. @ https://www.godaddy.com/en-ca/domainsearch/find?domainToCheck=hexa:0
[   32050ms] [WARNING] The resource https://img6.wsimg.com/wrhs-next/ba11cfafe5db2a68440d65749cb963c1/storefront-header.js was preloaded using link preload but not used within a few seconds from the window's load event. Please make sure it has an appropriate `as` value and it is preloaded intentionally. @ https://www.godaddy.com/en-ca/domainsearch/find?domainToCheck=hexa:0
[   32050ms] [WARNING] The resource https://img6.wsimg.com/serpimg/img/solutionsimg/serp_animation_loader.gif was preloaded using link preload but not used within a few seconds from the window's load event. Please make sure it has an appropriate `as` value and it is preloaded intentionally. @ https://www.godaddy.com/en-ca/domainsearch/find?domainToCheck=hexa:0
[   37015ms] [WARNING] The resource https://img6.wsimg.com/wrhs-next/ba11cfafe5db2a68440d65749cb963c1/storefront-header.js was preloaded using link preload but not used within a few seconds from the window's load event. Please make sure it has an appropriate `as` value and it is preloaded intentionally. @ https://www.godaddy.com/en-ca/domainsearch/find?domainToCheck=hexa:0
[   37015ms] [WARNING] The resource https://img6.wsimg.com/serpimg/img/solutionsimg/serp_animation_loader.gif was preloaded using link preload but not used within a few seconds from the window's load event. Please make sure it has an appropriate `as` value and it is preloaded intentionally. @ https://www.godaddy.com/en-ca/domainsearch/find?domainToCheck=hexa:0
[   42179ms] [WARNING] The resource https://img6.wsimg.com/wrhs-next/ba11cfafe5db2a68440d65749cb963c1/storefront-header.js was preloaded using link preload but not used within a few seconds from the window's load event. Please make sure it has an appropriate `as` value and it is preloaded intentionally. @ https://www.godaddy.com/en-ca/domainsearch/find?domainToCheck=hexa:0
[   42180ms] [WARNING] The resource https://img6.wsimg.com/serpimg/img/solutionsimg/serp_animation_loader.gif was preloaded using link preload but not used within a few seconds from the window's load event. Please make sure it has an appropriate `as` value and it is preloaded intentionally. @ https://www.godaddy.com/en-ca/domainsearch/find?domainToCheck=hexa:0
[   48334ms] [WARNING] The resource https://img6.wsimg.com/wrhs-next/ba11cfafe5db2a68440d65749cb963c1/storefront-header.js was preloaded using link preload but not used within a few seconds from the window's load event. Please make sure it has an appropriate `as` value and it is preloaded intentionally. @ https://www.godaddy.com/en-ca/domainsearch/find?domainToCheck=hexa:0
[   48335ms] [WARNING] The resource https://img6.wsimg.com/serpimg/img/solutionsimg/serp_animation_loader.gif was preloaded using link preload but not used within a few seconds from the window's load event. Please make sure it has an appropriate `as` value and it is preloaded intentionally. @ https://www.godaddy.com/en-ca/domainsearch/find?domainToCheck=hexa:0
[   51994ms] [WARNING] The resource https://img6.wsimg.com/wrhs-next/ba11cfafe5db2a68440d65749cb963c1/storefront-header.js was preloaded using link preload but not used within a few seconds from the window's load event. Please make sure it has an appropriate `as` value and it is preloaded intentionally. @ https://www.godaddy.com/en-ca/domainsearch/find?domainToCheck=hexa:0
[   51994ms] [WARNING] The resource https://img6.wsimg.com/serpimg/img/solutionsimg/serp_animation_loader.gif was preloaded using link preload but not used within a few seconds from the window's load event. Please make sure it has an appropriate `as` value and it is preloaded intentionally. @ https://www.godaddy.com/en-ca/domainsearch/find?domainToCheck=hexa:0
[   57967ms] [WARNING] The resource https://img6.wsimg.com/wrhs-next/ba11cfafe5db2a68440d65749cb963c1/storefront-header.js was preloaded using link preload but not used within a few seconds from the window's load event. Please make sure it has an appropriate `as` value and it is preloaded intentionally. @ https://www.godaddy.com/en-ca/domainsearch/find?domainToCheck=hexa:0
[   57967ms] [WARNING] The resource https://img6.wsimg.com/serpimg/img/solutionsimg/serp_animation_loader.gif was preloaded using link preload but not used within a few seconds from the window's load event. Please make sure it has an appropriate `as` value and it is preloaded intentionally. @ https://www.godaddy.com/en-ca/domainsearch/find?domainToCheck=hexa:0
[   97043ms] [WARNING] The resource https://img6.wsimg.com/wrhs-next/ba11cfafe5db2a68440d65749cb963c1/storefront-header.js was preloaded using link preload but not used within a few seconds from the window's load event. Please make sure it has an appropriate `as` value and it is preloaded intentionally. @ https://www.godaddy.com/en-ca/domainsearch/find?domainToCheck=hexa:0
[   97044ms] [WARNING] The resource https://img6.wsimg.com/serpimg/img/solutionsimg/serp_animation_loader.gif was preloaded using link preload but not used within a few seconds from the window's load event. Please make sure it has an appropriate `as` value and it is preloaded intentionally. @ https://www.godaddy.com/en-ca/domainsearch/find?domainToCheck=hexa:0
[  102143ms] [WARNING] The resource https://img6.wsimg.com/wrhs-next/ba11cfafe5db2a68440d65749cb963c1/storefront-header.js was preloaded using link preload but not used within a few seconds from the window's load event. Please make sure it has an appropriate `as` value and it is preloaded intentionally. @ https://www.godaddy.com/en-ca/domainsearch/find?domainToCheck=hexa:0
[  102143ms] [WARNING] The resource https://img6.wsimg.com/serpimg/img/solutionsimg/serp_animation_loader.gif was preloaded using link preload but not used within a few seconds from the window's load event. Please make sure it has an appropriate `as` value and it is preloaded intentionally. @ https://www.godaddy.com/en-ca/domainsearch/find?domainToCheck=hexa:0
[  106986ms] [WARNING] The resource https://img6.wsimg.com/wrhs-next/ba11cfafe5db2a68440d65749cb963c1/storefront-header.js was preloaded using link preload but not used within a few seconds from the window's load event. Please make sure it has an appropriate `as` value and it is preloaded intentionally. @ https://www.godaddy.com/en-ca/domainsearch/find?domainToCheck=hexa:0
[  106986ms] [WARNING] The resource https://img6.wsimg.com/serpimg/img/solutionsimg/serp_animation_loader.gif was preloaded using link preload but not used within a few seconds from the window's load event. Please make sure it has an appropriate `as` value and it is preloaded intentionally. @ https://www.godaddy.com/en-ca/domainsearch/find?domainToCheck=hexa:0
[  112006ms] [WARNING] The resource https://img6.wsimg.com/wrhs-next/ba11cfafe5db2a68440d65749cb963c1/storefront-header.js was preloaded using link preload but not used within a few seconds from the window's load event. Please make sure it has an appropriate `as` value and it is preloaded intentionally. @ https://www.godaddy.com/en-ca/domainsearch/find?domainToCheck=hexa:0
[  112006ms] [WARNING] The resource https://img6.wsimg.com/serpimg/img/solutionsimg/serp_animation_loader.gif was preloaded using link preload but not used within a few seconds from the window's load event. Please make sure it has an appropriate `as` value and it is preloaded intentionally. @ https://www.godaddy.com/en-ca/domainsearch/find?domainToCheck=hexa:0
[  326837ms] [WARNING] The resource https://img6.wsimg.com/wrhs-next/ba11cfafe5db2a68440d65749cb963c1/storefront-header.js was preloaded using link preload but not used within a few seconds from the window's load event. Please make sure it has an appropriate `as` value and it is preloaded intentionally. @ https://www.godaddy.com/en-ca/domainsearch/find?domainToCheck=hexa:0
[  326838ms] [WARNING] The resource https://img6.wsimg.com/serpimg/img/solutionsimg/serp_animation_loader.gif was preloaded using link preload but not used within a few seconds from the window's load event. Please make sure it has an appropriate `as` value and it is preloaded intentionally. @ https://www.godaddy.com/en-ca/domainsearch/find?domainToCheck=hexa:0
[  367076ms] [WARNING] The resource https://img6.wsimg.com/wrhs-next/ba11cfafe5db2a68440d65749cb963c1/storefront-header.js was preloaded using link preload but not used within a few seconds from the window's load event. Please make sure it has an appropriate `as` value and it is preloaded intentionally. @ https://www.godaddy.com/en-ca/domainsearch/find?domainToCheck=hexa:0
[  367076ms] [WARNING] The resource https://img6.wsimg.com/serpimg/img/solutionsimg/serp_animation_loader.gif was preloaded using link preload but not used within a few seconds from the window's load event. Please make sure it has an appropriate `as` value and it is preloaded intentionally. @ https://www.godaddy.com/en-ca/domainsearch/find?domainToCheck=hexa:0
[  421717ms] [WARNING] The resource https://img6.wsimg.com/wrhs-next/ba11cfafe5db2a68440d65749cb963c1/storefront-header.js was preloaded using link preload but not used within a few seconds from the window's load event. Please make sure it has an appropriate `as` value and it is preloaded intentionally. @ https://www.godaddy.com/en-ca/domainsearch/find?domainToCheck=hexa:0
[  421717ms] [WARNING] The resource https://img6.wsimg.com/serpimg/img/solutionsimg/serp_animation_loader.gif was preloaded using link preload but not used within a few seconds from the window's load event. Please make sure it has an appropriate `as` value and it is preloaded intentionally. @ https://www.godaddy.com/en-ca/domainsearch/find?domainToCheck=hexa:0
[  427431ms] [ERROR] Attestation check for Attribution Reporting on https://www.facebook.com failed. @ https://www.godaddy.com/en-ca/domainsearch/find?domainToCheck=knowkey:0
[  427783ms] [ERROR] Invalid key/value pair found in Traffic's custom properties (tData). Objects, arrays, and functions are not supported.

Key: 'tmskey' Value: 'null' Type: 'object'. @ https://img6.wsimg.com/wrhs-next/fa3b9210e5d0edeeb29f1484e8d5abf4/scc-gd-c1.min.js:0
[  427783ms] [ERROR] Invalid key/value pair found in Traffic's custom properties (tData). Objects, arrays, and functions are not supported.

Key: 'key' Value: 'null' Type: 'object'. @ https://img6.wsimg.com/wrhs-next/fa3b9210e5d0edeeb29f1484e8d5abf4/scc-gd-c1.min.js:0
[  427783ms] [ERROR] Invalid key/value pair found in Traffic's custom properties (tData). Objects, arrays, and functions are not supported.

Key: 'utm_medium' Value: 'null' Type: 'object'. @ https://img6.wsimg.com/wrhs-next/fa3b9210e5d0edeeb29f1484e8d5abf4/scc-gd-c1.min.js:0
[  437047ms] [WARNING] The resource https://img6.wsimg.com/wrhs-next/ba11cfafe5db2a68440d65749cb963c1/storefront-header.js was preloaded using link preload but not used within a few seconds from the window's load event. Please make sure it has an appropriate `as` value and it is preloaded intentionally. @ https://www.godaddy.com/en-ca/domainsearch/find?domainToCheck=knowkey:0
[  437047ms] [WARNING] The resource https://img6.wsimg.com/serpimg/img/solutionsimg/serp_animation_loader.gif was preloaded using link preload but not used within a few seconds from the window's load event. Please make sure it has an appropriate `as` value and it is preloaded intentionally. @ https://www.godaddy.com/en-ca/domainsearch/find?domainToCheck=knowkey:0
[  442973ms] [ERROR] Attestation check for Attribution Reporting on https://www.facebook.com failed. @ https://www.godaddy.com/en-ca/domainsearch/find?domainToCheck=nowkey:0
[  443534ms] [ERROR] Invalid key/value pair found in Traffic's custom properties (tData). Objects, arrays, and functions are not supported.

Key: 'tmskey' Value: 'null' Type: 'object'. @ https://img6.wsimg.com/wrhs-next/fa3b9210e5d0edeeb29f1484e8d5abf4/scc-gd-c1.min.js:0
[  443534ms] [ERROR] Invalid key/value pair found in Traffic's custom properties (tData). Objects, arrays, and functions are not supported.

Key: 'key' Value: 'null' Type: 'object'. @ https://img6.wsimg.com/wrhs-next/fa3b9210e5d0edeeb29f1484e8d5abf4/scc-gd-c1.min.js:0
[  443534ms] [ERROR] Invalid key/value pair found in Traffic's custom properties (tData). Objects, arrays, and functions are not supported.

Key: 'utm_medium' Value: 'null' Type: 'object'. @ https://img6.wsimg.com/wrhs-next/fa3b9210e5d0edeeb29f1484e8d5abf4/scc-gd-c1.min.js:0
[  452047ms] [WARNING] The resource https://img6.wsimg.com/wrhs-next/ba11cfafe5db2a68440d65749cb963c1/storefront-header.js was preloaded using link preload but not used within a few seconds from the window's load event. Please make sure it has an appropriate `as` value and it is preloaded intentionally. @ https://www.godaddy.com/en-ca/domainsearch/find?domainToCheck=nowkey:0
[  452047ms] [WARNING] The resource https://img6.wsimg.com/serpimg/img/solutionsimg/serp_animation_loader.gif was preloaded using link preload but not used within a few seconds from the window's load event. Please make sure it has an appropriate `as` value and it is preloaded intentionally. @ https://www.godaddy.com/en-ca/domainsearch/find?domainToCheck=nowkey:0
[  457028ms] [WARNING] The resource https://img6.wsimg.com/wrhs-next/ba11cfafe5db2a68440d65749cb963c1/storefront-header.js was preloaded using link preload but not used within a few seconds from the window's load event. Please make sure it has an appropriate `as` value and it is preloaded intentionally. @ https://www.godaddy.com/en-ca/domainsearch/find?domainToCheck=nowkey:0
[  457028ms] [WARNING] The resource https://img6.wsimg.com/serpimg/img/solutionsimg/serp_animation_loader.gif was preloaded using link preload but not used within a few seconds from the window's load event. Please make sure it has an appropriate `as` value and it is preloaded intentionally. @ https://www.godaddy.com/en-ca/domainsearch/find?domainToCheck=nowkey:0
[  467008ms] [WARNING] The resource https://img6.wsimg.com/wrhs-next/ba11cfafe5db2a68440d65749cb963c1/storefront-header.js was preloaded using link preload but not used within a few seconds from the window's load event. Please make sure it has an appropriate `as` value and it is preloaded intentionally. @ https://www.godaddy.com/en-ca/domainsearch/find?domainToCheck=nowkey:0
[  467008ms] [WARNING] The resource https://img6.wsimg.com/serpimg/img/solutionsimg/serp_animation_loader.gif was preloaded using link preload but not used within a few seconds from the window's load event. Please make sure it has an appropriate `as` value and it is preloaded intentionally. @ https://www.godaddy.com/en-ca/domainsearch/find?domainToCheck=nowkey:0
[  472026ms] [WARNING] The resource https://img6.wsimg.com/wrhs-next/ba11cfafe5db2a68440d65749cb963c1/storefront-header.js was preloaded using link preload but not used within a few seconds from the window's load event. Please make sure it has an appropriate `as` value and it is preloaded intentionally. @ https://www.godaddy.com/en-ca/domainsearch/find?domainToCheck=nowkey:0
[  472026ms] [WARNING] The resource https://img6.wsimg.com/serpimg/img/solutionsimg/serp_animation_loader.gif was preloaded using link preload but not used within a few seconds from the window's load event. Please make sure it has an appropriate `as` value and it is preloaded intentionally. @ https://www.godaddy.com/en-ca/domainsearch/find?domainToCheck=nowkey:0
[  477214ms] [WARNING] The resource https://img6.wsimg.com/wrhs-next/ba11cfafe5db2a68440d65749cb963c1/storefront-header.js was preloaded using link preload but not used within a few seconds from the window's load event. Please make sure it has an appropriate `as` value and it is preloaded intentionally. @ https://www.godaddy.com/en-ca/domainsearch/find?domainToCheck=nowkey:0
[  477214ms] [WARNING] The resource https://img6.wsimg.com/serpimg/img/solutionsimg/serp_animation_loader.gif was preloaded using link preload but not used within a few seconds from the window's load event. Please make sure it has an appropriate `as` value and it is preloaded intentionally. @ https://www.godaddy.com/en-ca/domainsearch/find?domainToCheck=nowkey:0
[  482008ms] [WARNING] The resource https://img6.wsimg.com/wrhs-next/ba11cfafe5db2a68440d65749cb963c1/storefront-header.js was preloaded using link preload but not used within a few seconds from the window's load event. Please make sure it has an appropriate `as` value and it is preloaded intentionally. @ https://www.godaddy.com/en-ca/domainsearch/find?domainToCheck=nowkey:0
[  482009ms] [WARNING] The resource https://img6.wsimg.com/serpimg/img/solutionsimg/serp_animation_loader.gif was preloaded using link preload but not used within a few seconds from the window's load event. Please make sure it has an appropriate `as` value and it is preloaded intentionally. @ https://www.godaddy.com/en-ca/domainsearch/find?domainToCheck=nowkey:0
[  487013ms] [WARNING] The resource https://img6.wsimg.com/wrhs-next/ba11cfafe5db2a68440d65749cb963c1/storefront-header.js was preloaded using link preload but not used within a few seconds from the window's load event. Please make sure it has an appropriate `as` value and it is preloaded intentionally. @ https://www.godaddy.com/en-ca/domainsearch/find?domainToCheck=nowkey:0
[  487013ms] [WARNING] The resource https://img6.wsimg.com/serpimg/img/solutionsimg/serp_animation_loader.gif was preloaded using link preload but not used within a few seconds from the window's load event. Please make sure it has an appropriate `as` value and it is preloaded intentionally. @ https://www.godaddy.com/en-ca/domainsearch/find?domainToCheck=nowkey:0
[  492273ms] [WARNING] The resource https://img6.wsimg.com/wrhs-next/ba11cfafe5db2a68440d65749cb963c1/storefront-header.js was preloaded using link preload but not used within a few seconds from the window's load event. Please make sure it has an appropriate `as` value and it is preloaded intentionally. @ https://www.godaddy.com/en-ca/domainsearch/find?domainToCheck=nowkey:0
[  492273ms] [WARNING] The resource https://img6.wsimg.com/serpimg/img/solutionsimg/serp_animation_loader.gif was preloaded using link preload but not used within a few seconds from the window's load event. Please make sure it has an appropriate `as` value and it is preloaded intentionally. @ https://www.godaddy.com/en-ca/domainsearch/find?domainToCheck=nowkey:0
[  497008ms] [WARNING] The resource https://img6.wsimg.com/wrhs-next/ba11cfafe5db2a68440d65749cb963c1/storefront-header.js was preloaded using link preload but not used within a few seconds from the window's load event. Please make sure it has an appropriate `as` value and it is preloaded intentionally. @ https://www.godaddy.com/en-ca/domainsearch/find?domainToCheck=nowkey:0
[  497008ms] [WARNING] The resource https://img6.wsimg.com/serpimg/img/solutionsimg/serp_animation_loader.gif was preloaded using link preload but not used within a few seconds from the window's load event. Please make sure it has an appropriate `as` value and it is preloaded intentionally. @ https://www.godaddy.com/en-ca/domainsearch/find?domainToCheck=nowkey:0
[  502017ms] [WARNING] The resource https://img6.wsimg.com/wrhs-next/ba11cfafe5db2a68440d65749cb963c1/storefront-header.js was preloaded using link preload but not used within a few seconds from the window's load event. Please make sure it has an appropriate `as` value and it is preloaded intentionally. @ https://www.godaddy.com/en-ca/domainsearch/find?domainToCheck=nowkey:0
[  502017ms] [WARNING] The resource https://img6.wsimg.com/serpimg/img/solutionsimg/serp_animation_loader.gif was preloaded using link preload but not used within a few seconds from the window's load event. Please make sure it has an appropriate `as` value and it is preloaded intentionally. @ https://www.godaddy.com/en-ca/domainsearch/find?domainToCheck=nowkey:0
[  507205ms] [WARNING] The resource https://img6.wsimg.com/wrhs-next/ba11cfafe5db2a68440d65749cb963c1/storefront-header.js was preloaded using link preload but not used within a few seconds from the window's load event. Please make sure it has an appropriate `as` value and it is preloaded intentionally. @ https://www.godaddy.com/en-ca/domainsearch/find?domainToCheck=nowkey:0
[  507205ms] [WARNING] The resource https://img6.wsimg.com/serpimg/img/solutionsimg/serp_animation_loader.gif was preloaded using link preload but not used within a few seconds from the window's load event. Please make sure it has an appropriate `as` value and it is preloaded intentionally. @ https://www.godaddy.com/en-ca/domainsearch/find?domainToCheck=nowkey:0
[  626615ms] [WARNING] The resource https://img6.wsimg.com/wrhs-next/ba11cfafe5db2a68440d65749cb963c1/storefront-header.js was preloaded using link preload but not used within a few seconds from the window's load event. Please make sure it has an appropriate `as` value and it is preloaded intentionally. @ https://www.godaddy.com/en-ca/domainsearch/find?domainToCheck=nowkey:0
[  626615ms] [WARNING] The resource https://img6.wsimg.com/serpimg/img/solutionsimg/serp_animation_loader.gif was preloaded using link preload but not used within a few seconds from the window's load event. Please make sure it has an appropriate `as` value and it is preloaded intentionally. @ https://www.godaddy.com/en-ca/domainsearch/find?domainToCheck=nowkey:0
[  762316ms] [WARNING] The resource https://img6.wsimg.com/wrhs-next/ba11cfafe5db2a68440d65749cb963c1/storefront-header.js was preloaded using link preload but not used within a few seconds from the window's load event. Please make sure it has an appropriate `as` value and it is preloaded intentionally. @ https://www.godaddy.com/en-ca/domainsearch/find?domainToCheck=nowkey:0
[  762316ms] [WARNING] The resource https://img6.wsimg.com/serpimg/img/solutionsimg/serp_animation_loader.gif was preloaded using link preload but not used within a few seconds from the window's load event. Please make sure it has an appropriate `as` value and it is preloaded intentionally. @ https://www.godaddy.com/en-ca/domainsearch/find?domainToCheck=nowkey:0
[  926694ms] [WARNING] The resource https://img6.wsimg.com/wrhs-next/ba11cfafe5db2a68440d65749cb963c1/storefront-header.js was preloaded using link preload but not used within a few seconds from the window's load event. Please make sure it has an appropriate `as` value and it is preloaded intentionally. @ https://www.godaddy.com/en-ca/domainsearch/find?domainToCheck=nowkey:0
[  926694ms] [WARNING] The resource https://img6.wsimg.com/serpimg/img/solutionsimg/serp_animation_loader.gif was preloaded using link preload but not used within a few seconds from the window's load event. Please make sure it has an appropriate `as` value and it is preloaded intentionally. @ https://www.godaddy.com/en-ca/domainsearch/find?domainToCheck=nowkey:0
[  972390ms] [WARNING] The resource https://img6.wsimg.com/wrhs-next/ba11cfafe5db2a68440d65749cb963c1/storefront-header.js was preloaded using link preload but not used within a few seconds from the window's load event. Please make sure it has an appropriate `as` value and it is preloaded intentionally. @ https://www.godaddy.com/en-ca/domainsearch/find?domainToCheck=nowkey:0
[  972390ms] [WARNING] The resource https://img6.wsimg.com/serpimg/img/solutionsimg/serp_animation_loader.gif was preloaded using link preload but not used within a few seconds from the window's load event. Please make sure it has an appropriate `as` value and it is preloaded intentionally. @ https://www.godaddy.com/en-ca/domainsearch/find?domainToCheck=nowkey:0
[ 1142075ms] [WARNING] The resource https://img6.wsimg.com/wrhs-next/ba11cfafe5db2a68440d65749cb963c1/storefront-header.js was preloaded using link preload but not used within a few seconds from the window's load event. Please make sure it has an appropriate `as` value and it is preloaded intentionally. @ https://www.godaddy.com/en-ca/domainsearch/find?domainToCheck=nowkey:0
[ 1142075ms] [WARNING] The resource https://img6.wsimg.com/serpimg/img/solutionsimg/serp_animation_loader.gif was preloaded using link preload but not used within a few seconds from the window's load event. Please make sure it has an appropriate `as` value and it is preloaded intentionally. @ https://www.godaddy.com/en-ca/domainsearch/find?domainToCheck=nowkey:0
[ 1162012ms] [WARNING] The resource https://img6.wsimg.com/wrhs-next/ba11cfafe5db2a68440d65749cb963c1/storefront-header.js was preloaded using link preload but not used within a few seconds from the window's load event. Please make sure it has an appropriate `as` value and it is preloaded intentionally. @ https://www.godaddy.com/en-ca/domainsearch/find?domainToCheck=nowkey:0
[ 1162012ms] [WARNING] The resource https://img6.wsimg.com/serpimg/img/solutionsimg/serp_animation_loader.gif was preloaded using link preload but not used within a few seconds from the window's load event. Please make sure it has an appropriate `as` value and it is preloaded intentionally. @ https://www.godaddy.com/en-ca/domainsearch/find?domainToCheck=nowkey:0
[ 1182735ms] [WARNING] The resource https://img6.wsimg.com/wrhs-next/ba11cfafe5db2a68440d65749cb963c1/storefront-header.js was preloaded using link preload but not used within a few seconds from the window's load event. Please make sure it has an appropriate `as` value and it is preloaded intentionally. @ https://www.godaddy.com/en-ca/domainsearch/find?domainToCheck=nowkey:0
[ 1182735ms] [WARNING] The resource https://img6.wsimg.com/serpimg/img/solutionsimg/serp_animation_loader.gif was preloaded using link preload but not used within a few seconds from the window's load event. Please make sure it has an appropriate `as` value and it is preloaded intentionally. @ https://www.godaddy.com/en-ca/domainsearch/find?domainToCheck=nowkey:0
[ 1187022ms] [WARNING] The resource https://img6.wsimg.com/wrhs-next/ba11cfafe5db2a68440d65749cb963c1/storefront-header.js was preloaded using link preload but not used within a few seconds from the window's load event. Please make sure it has an appropriate `as` value and it is preloaded intentionally. @ https://www.godaddy.com/en-ca/domainsearch/find?domainToCheck=nowkey:0
[ 1187023ms] [WARNING] The resource https://img6.wsimg.com/serpimg/img/solutionsimg/serp_animation_loader.gif was preloaded using link preload but not used within a few seconds from the window's load event. Please make sure it has an appropriate `as` value and it is preloaded intentionally. @ https://www.godaddy.com/en-ca/domainsearch/find?domainToCheck=nowkey:0
[ 6935836ms] [WARNING] The resource https://img6.wsimg.com/wrhs-next/ba11cfafe5db2a68440d65749cb963c1/storefront-header.js was preloaded using link preload but not used within a few seconds from the window's load event. Please make sure it has an appropriate `as` value and it is preloaded intentionally. @ https://www.godaddy.com/en-ca/domainsearch/find?domainToCheck=LeanKernel:0
[ 6935836ms] [WARNING] The resource https://img6.wsimg.com/serpimg/img/solutionsimg/serp_animation_loader.gif was preloaded using link preload but not used within a few seconds from the window's load event. Please make sure it has an appropriate `as` value and it is preloaded intentionally. @ https://www.godaddy.com/en-ca/domainsearch/find?domainToCheck=LeanKernel:0
[ 7230067ms] [WARNING] The resource https://img6.wsimg.com/wrhs-next/ba11cfafe5db2a68440d65749cb963c1/storefront-header.js was preloaded using link preload but not used within a few seconds from the window's load event. Please make sure it has an appropriate `as` value and it is preloaded intentionally. @ https://www.godaddy.com/en-ca/domainsearch/find?domainToCheck=LeanKernel:0
[ 7230067ms] [WARNING] The resource https://img6.wsimg.com/serpimg/img/solutionsimg/serp_animation_loader.gif was preloaded using link preload but not used within a few seconds from the window's load event. Please make sure it has an appropriate `as` value and it is preloaded intentionally. @ https://www.godaddy.com/en-ca/domainsearch/find?domainToCheck=LeanKernel:0
[ 7236342ms] [WARNING] The resource https://img6.wsimg.com/wrhs-next/ba11cfafe5db2a68440d65749cb963c1/storefront-header.js was preloaded using link preload but not used within a few seconds from the window's load event. Please make sure it has an appropriate `as` value and it is preloaded intentionally. @ https://www.godaddy.com/en-ca/domainsearch/find?domainToCheck=LeanKernel:0
[ 7236342ms] [WARNING] The resource https://img6.wsimg.com/serpimg/img/solutionsimg/serp_animation_loader.gif was preloaded using link preload but not used within a few seconds from the window's load event. Please make sure it has an appropriate `as` value and it is preloaded intentionally. @ https://www.godaddy.com/en-ca/domainsearch/find?domainToCheck=LeanKernel:0
[ 7536714ms] [WARNING] The resource https://img6.wsimg.com/wrhs-next/ba11cfafe5db2a68440d65749cb963c1/storefront-header.js was preloaded using link preload but not used within a few seconds from the window's load event. Please make sure it has an appropriate `as` value and it is preloaded intentionally. @ https://www.godaddy.com/en-ca/domainsearch/find?domainToCheck=LeanKernel:0
[ 7536714ms] [WARNING] The resource https://img6.wsimg.com/serpimg/img/solutionsimg/serp_animation_loader.gif was preloaded using link preload but not used within a few seconds from the window's load event. Please make sure it has an appropriate `as` value and it is preloaded intentionally. @ https://www.godaddy.com/en-ca/domainsearch/find?domainToCheck=LeanKernel:0
[ 7837172ms] [WARNING] The resource https://img6.wsimg.com/wrhs-next/ba11cfafe5db2a68440d65749cb963c1/storefront-header.js was preloaded using link preload but not used within a few seconds from the window's load event. Please make sure it has an appropriate `as` value and it is preloaded intentionally. @ https://www.godaddy.com/en-ca/domainsearch/find?domainToCheck=LeanKernel:0
[ 7837172ms] [WARNING] The resource https://img6.wsimg.com/serpimg/img/solutionsimg/serp_animation_loader.gif was preloaded using link preload but not used within a few seconds from the window's load event. Please make sure it has an appropriate `as` value and it is preloaded intentionally. @ https://www.godaddy.com/en-ca/domainsearch/find?domainToCheck=LeanKernel:0
[ 8137575ms] [WARNING] The resource https://img6.wsimg.com/wrhs-next/ba11cfafe5db2a68440d65749cb963c1/storefront-header.js was preloaded using link preload but not used within a few seconds from the window's load event. Please make sure it has an appropriate `as` value and it is preloaded intentionally. @ https://www.godaddy.com/en-ca/domainsearch/find?domainToCheck=LeanKernel:0
[ 8137575ms] [WARNING] The resource https://img6.wsimg.com/serpimg/img/solutionsimg/serp_animation_loader.gif was preloaded using link preload but not used within a few seconds from the window's load event. Please make sure it has an appropriate `as` value and it is preloaded intentionally. @ https://www.godaddy.com/en-ca/domainsearch/find?domainToCheck=LeanKernel:0
[ 8438010ms] [WARNING] The resource https://img6.wsimg.com/wrhs-next/ba11cfafe5db2a68440d65749cb963c1/storefront-header.js was preloaded using link preload but not used within a few seconds from the window's load event. Please make sure it has an appropriate `as` value and it is preloaded intentionally. @ https://www.godaddy.com/en-ca/domainsearch/find?domainToCheck=LeanKernel:0
[ 8438011ms] [WARNING] The resource https://img6.wsimg.com/serpimg/img/solutionsimg/serp_animation_loader.gif was preloaded using link preload but not used within a few seconds from the window's load event. Please make sure it has an appropriate `as` value and it is preloaded intentionally. @ https://www.godaddy.com/en-ca/domainsearch/find?domainToCheck=LeanKernel:0
[ 8738416ms] [WARNING] The resource https://img6.wsimg.com/wrhs-next/ba11cfafe5db2a68440d65749cb963c1/storefront-header.js was preloaded using link preload but not used within a few seconds from the window's load event. Please make sure it has an appropriate `as` value and it is preloaded intentionally. @ https://www.godaddy.com/en-ca/domainsearch/find?domainToCheck=LeanKernel:0
[ 8738416ms] [WARNING] The resource https://img6.wsimg.com/serpimg/img/solutionsimg/serp_animation_loader.gif was preloaded using link preload but not used within a few seconds from the window's load event. Please make sure it has an appropriate `as` value and it is preloaded intentionally. @ https://www.godaddy.com/en-ca/domainsearch/find?domainToCheck=LeanKernel:0
[ 9038926ms] [WARNING] The resource https://img6.wsimg.com/wrhs-next/ba11cfafe5db2a68440d65749cb963c1/storefront-header.js was preloaded using link preload but not used within a few seconds from the window's load event. Please make sure it has an appropriate `as` value and it is preloaded intentionally. @ https://www.godaddy.com/en-ca/domainsearch/find?domainToCheck=LeanKernel:0
[ 9038927ms] [WARNING] The resource https://img6.wsimg.com/serpimg/img/solutionsimg/serp_animation_loader.gif was preloaded using link preload but not used within a few seconds from the window's load event. Please make sure it has an appropriate `as` value and it is preloaded intentionally. @ https://www.godaddy.com/en-ca/domainsearch/find?domainToCheck=LeanKernel:0
[ 9339483ms] [WARNING] The resource https://img6.wsimg.com/wrhs-next/ba11cfafe5db2a68440d65749cb963c1/storefront-header.js was preloaded using link preload but not used within a few seconds from the window's load event. Please make sure it has an appropriate `as` value and it is preloaded intentionally. @ https://www.godaddy.com/en-ca/domainsearch/find?domainToCheck=LeanKernel:0
[ 9339483ms] [WARNING] The resource https://img6.wsimg.com/serpimg/img/solutionsimg/serp_animation_loader.gif was preloaded using link preload but not used within a few seconds from the window's load event. Please make sure it has an appropriate `as` value and it is preloaded intentionally. @ https://www.godaddy.com/en-ca/domainsearch/find?domainToCheck=LeanKernel:0
[ 9640080ms] [WARNING] The resource https://img6.wsimg.com/wrhs-next/ba11cfafe5db2a68440d65749cb963c1/storefront-header.js was preloaded using link preload but not used within a few seconds from the window's load event. Please make sure it has an appropriate `as` value and it is preloaded intentionally. @ https://www.godaddy.com/en-ca/domainsearch/find?domainToCheck=LeanKernel:0
[ 9640081ms] [WARNING] The resource https://img6.wsimg.com/serpimg/img/solutionsimg/serp_animation_loader.gif was preloaded using link preload but not used within a few seconds from the window's load event. Please make sure it has an appropriate `as` value and it is preloaded intentionally. @ https://www.godaddy.com/en-ca/domainsearch/find?domainToCheck=LeanKernel:0
[ 9940611ms] [WARNING] The resource https://img6.wsimg.com/wrhs-next/ba11cfafe5db2a68440d65749cb963c1/storefront-header.js was preloaded using link preload but not used within a few seconds from the window's load event. Please make sure it has an appropriate `as` value and it is preloaded intentionally. @ https://www.godaddy.com/en-ca/domainsearch/find?domainToCheck=LeanKernel:0
[ 9940611ms] [WARNING] The resource https://img6.wsimg.com/serpimg/img/solutionsimg/serp_animation_loader.gif was preloaded using link preload but not used within a few seconds from the window's load event. Please make sure it has an appropriate `as` value and it is preloaded intentionally. @ https://www.godaddy.com/en-ca/domainsearch/find?domainToCheck=LeanKernel:0
[10241125ms] [WARNING] The resource https://img6.wsimg.com/wrhs-next/ba11cfafe5db2a68440d65749cb963c1/storefront-header.js was preloaded using link preload but not used within a few seconds from the window's load event. Please make sure it has an appropriate `as` value and it is preloaded intentionally. @ https://www.godaddy.com/en-ca/domainsearch/find?domainToCheck=LeanKernel:0
[10241125ms] [WARNING] The resource https://img6.wsimg.com/serpimg/img/solutionsimg/serp_animation_loader.gif was preloaded using link preload but not used within a few seconds from the window's load event. Please make sure it has an appropriate `as` value and it is preloaded intentionally. @ https://www.godaddy.com/en-ca/domainsearch/find?domainToCheck=LeanKernel:0
[10541708ms] [WARNING] The resource https://img6.wsimg.com/wrhs-next/ba11cfafe5db2a68440d65749cb963c1/storefront-header.js was preloaded using link preload but not used within a few seconds from the window's load event. Please make sure it has an appropriate `as` value and it is preloaded intentionally. @ https://www.godaddy.com/en-ca/domainsearch/find?domainToCheck=LeanKernel:0
[10541708ms] [WARNING] The resource https://img6.wsimg.com/serpimg/img/solutionsimg/serp_animation_loader.gif was preloaded using link preload but not used within a few seconds from the window's load event. Please make sure it has an appropriate `as` value and it is preloaded intentionally. @ https://www.godaddy.com/en-ca/domainsearch/find?domainToCheck=LeanKernel:0
[10830529ms] [WARNING] The resource https://img6.wsimg.com/wrhs-next/ba11cfafe5db2a68440d65749cb963c1/storefront-header.js was preloaded using link preload but not used within a few seconds from the window's load event. Please make sure it has an appropriate `as` value and it is preloaded intentionally. @ https://www.godaddy.com/en-ca/domainsearch/find?domainToCheck=LeanKernel:0
[10830529ms] [WARNING] The resource https://img6.wsimg.com/serpimg/img/solutionsimg/serp_animation_loader.gif was preloaded using link preload but not used within a few seconds from the window's load event. Please make sure it has an appropriate `as` value and it is preloaded intentionally. @ https://www.godaddy.com/en-ca/domainsearch/find?domainToCheck=LeanKernel:0
[10842718ms] [WARNING] The resource https://img6.wsimg.com/wrhs-next/ba11cfafe5db2a68440d65749cb963c1/storefront-header.js was preloaded using link preload but not used within a few seconds from the window's load event. Please make sure it has an appropriate `as` value and it is preloaded intentionally. @ https://www.godaddy.com/en-ca/domainsearch/find?domainToCheck=LeanKernel:0
[10842718ms] [WARNING] The resource https://img6.wsimg.com/serpimg/img/solutionsimg/serp_animation_loader.gif was preloaded using link preload but not used within a few seconds from the window's load event. Please make sure it has an appropriate `as` value and it is preloaded intentionally. @ https://www.godaddy.com/en-ca/domainsearch/find?domainToCheck=LeanKernel:0
[11143305ms] [WARNING] The resource https://img6.wsimg.com/wrhs-next/ba11cfafe5db2a68440d65749cb963c1/storefront-header.js was preloaded using link preload but not used within a few seconds from the window's load event. Please make sure it has an appropriate `as` value and it is preloaded intentionally. @ https://www.godaddy.com/en-ca/domainsearch/find?domainToCheck=LeanKernel:0
[11143305ms] [WARNING] The resource https://img6.wsimg.com/serpimg/img/solutionsimg/serp_animation_loader.gif was preloaded using link preload but not used within a few seconds from the window's load event. Please make sure it has an appropriate `as` value and it is preloaded intentionally. @ https://www.godaddy.com/en-ca/domainsearch/find?domainToCheck=LeanKernel:0
[11444694ms] [WARNING] The resource https://img6.wsimg.com/wrhs-next/ba11cfafe5db2a68440d65749cb963c1/storefront-header.js was preloaded using link preload but not used within a few seconds from the window's load event. Please make sure it has an appropriate `as` value and it is preloaded intentionally. @ https://www.godaddy.com/en-ca/domainsearch/find?domainToCheck=LeanKernel:0
[11444695ms] [WARNING] The resource https://img6.wsimg.com/serpimg/img/solutionsimg/serp_animation_loader.gif was preloaded using link preload but not used within a few seconds from the window's load event. Please make sure it has an appropriate `as` value and it is preloaded intentionally. @ https://www.godaddy.com/en-ca/domainsearch/find?domainToCheck=LeanKernel:0
